#
# There is insufficient memory for the Java Runtime Environment to continue.
# Native memory allocation (malloc) failed to allocate 1048576 bytes for AllocateHeap
# Possible reasons:
#   The system is out of physical RAM or swap space
#   In 32 bit mode, the process size limit was hit
# Possible solutions:
#   Reduce memory load on the system
#   Increase physical memory or swap space
#   Check if swap backing store is full
#   Use 64 bit Java on a 64 bit OS
#   Decrease Java heap size (-Xmx/-Xms)
#   Decrease number of Java threads
#   Decrease Java thread stack sizes (-Xss)
#   Set larger code cache with -XX:ReservedCodeCacheSize=
# This output file may be truncated or incomplete.
#
#  Out of Memory Error (memory/allocation.inline.hpp:61), pid=3572, tid=0x0000000000003380
#
# JRE version:  (8.0) (build )
# Java VM: OpenJDK 64-Bit Server VM (25.71-b00 mixed mode windows-amd64 compressed oops)
# Failed to write core dump. Minidumps are not enabled by default on client versions of Windows
#

---------------  T H R E A D  ---------------

Current thread (0x0000000003032800):  JavaThread "Unknown thread" [_thread_in_vm, id=13184, stack(0x0000000002f00000,0x0000000003000000)]

Stack: [0x0000000002f00000,0x0000000003000000]
[error occurred during error reporting (printing stack bounds), id 0xc0000005]

Native frames: (J=compiled Java code, j=interpreted, Vv=VM code, C=native code)


---------------  P R O C E S S  ---------------

Java Threads: ( => current thread )

Other Threads:

=>0x0000000003032800 (exited) JavaThread "Unknown thread" [_thread_in_vm, id=13184, stack(0x0000000002f00000,0x0000000003000000)]

VM state:not at safepoint (normal execution)

VM Mutex/Monitor currently owned by a thread: None

Heap:
 PSYoungGen      total 36864K, used 634K [0x00000000d7000000, 0x00000000d9900000, 0x0000000100000000)
  eden space 31744K, 2% used [0x00000000d7000000,0x00000000d709eb90,0x00000000d8f00000)
  from space 5120K, 0% used [0x00000000d9400000,0x00000000d9400000,0x00000000d9900000)
  to   space 5120K, 0% used [0x00000000d8f00000,0x00000000d8f00000,0x00000000d9400000)
 ParOldGen       total 84992K, used 0K [0x0000000085000000, 0x000000008a300000, 0x00000000d7000000)
  object space 84992K, 0% used [0x0000000085000000,0x0000000085000000,0x000000008a300000)
 Metaspace       used 777K, capacity 4480K, committed 4480K, reserved 1056768K
  class space    used 74K, capacity 384K, committed 384K, reserved 1048576K

Card table byte_map: [0x00000000125c0000,0x00000000129a0000] byte_map_base: 0x0000000012198000

Marking Bits: (ParMarkBitMap*) 0x000000005b0abe50
 Begin Bits: [0x0000000013430000, 0x00000000152f0000)
 End Bits:   [0x00000000152f0000, 0x00000000171b0000)

Polling page: 0x00000000012d0000

CodeCache: size=245760Kb used=328Kb max_used=328Kb free=245431Kb
 bounds [0x0000000003200000, 0x0000000003470000, 0x0000000012200000]
 total_blobs=57 nmethods=0 adapters=38
 compilation: enabled

Compilation events (0 events):
No events

GC Heap History (0 events):
No events

Deoptimization events (0 events):
No events

Classes redefined (0 events):
No events

Internal exceptions (0 events):
No events

Events (10 events):
Event: 0.012 loading class java/lang/Short
Event: 0.012 loading class java/lang/Short done
Event: 0.012 loading class java/lang/Integer
Event: 0.012 loading class java/lang/Integer done
Event: 0.012 loading class java/lang/Long
Event: 0.012 loading class java/lang/Long done
Event: 0.012 loading class java/lang/NullPointerException
Event: 0.012 loading class java/lang/NullPointerException done
Event: 0.012 loading class java/lang/ArithmeticException
Event: 0.012 loading class java/lang/ArithmeticException done


Dynamic libraries:
0x00007ff6cfc10000 - 0x00007ff6cfc45000 	C:\Program Files\Unity\Hub\Editor\2020.3.19f1\Editor\Data\PlaybackEngines\AndroidPlayer\OpenJDK\bin\java.exe
0x00007ff961850000 - 0x00007ff961a45000 	C:\Windows\SYSTEM32\ntdll.dll
0x00007ff961180000 - 0x00007ff96123e000 	C:\Windows\System32\KERNEL32.DLL
0x00007ff95f3f0000 - 0x00007ff95f6b9000 	C:\Windows\System32\KERNELBASE.dll
0x00007ff961760000 - 0x00007ff96180c000 	C:\Windows\System32\ADVAPI32.dll
0x00007ff95fa50000 - 0x00007ff95faee000 	C:\Windows\System32\msvcrt.dll
0x00007ff960db0000 - 0x00007ff960e4b000 	C:\Windows\System32\sechost.dll
0x00007ff95fdb0000 - 0x00007ff95feda000 	C:\Windows\System32\RPCRT4.dll
0x00007ff961240000 - 0x00007ff9613e1000 	C:\Windows\System32\USER32.dll
0x00007ff95f7b0000 - 0x00007ff95f7d2000 	C:\Windows\System32\win32u.dll
0x00007ff960d80000 - 0x00007ff960dab000 	C:\Windows\System32\GDI32.dll
0x00007ff95efd0000 - 0x00007ff95f0db000 	C:\Windows\System32\gdi32full.dll
0x00007ff95f6c0000 - 0x00007ff95f75d000 	C:\Windows\System32\msvcp_win.dll
0x00007ff95f0e0000 - 0x00007ff95f1e0000 	C:\Windows\System32\ucrtbase.dll
0x00007ff946c10000 - 0x00007ff946eaa000 	C:\Windows\WinSxS\amd64_microsoft.windows.common-controls_6595b64144ccf1df_6.0.19041.1110_none_60b5254171f9507e\COMCTL32.dll
0x00007ff95f8a0000 - 0x00007ff95f8d0000 	C:\Windows\System32\IMM32.DLL
0x000000005b130000 - 0x000000005b202000 	C:\Program Files\Unity\Hub\Editor\2020.3.19f1\Editor\Data\PlaybackEngines\AndroidPlayer\OpenJDK\jre\bin\msvcr100.dll
0x000000005a8e0000 - 0x000000005b129000 	C:\Program Files\Unity\Hub\Editor\2020.3.19f1\Editor\Data\PlaybackEngines\AndroidPlayer\OpenJDK\jre\bin\server\jvm.dll
0x00007ff9613f0000 - 0x00007ff9613f8000 	C:\Windows\System32\PSAPI.DLL
0x00007ff940850000 - 0x00007ff940859000 	C:\Windows\SYSTEM32\WSOCK32.dll
0x00007ff949a20000 - 0x00007ff949a47000 	C:\Windows\SYSTEM32\WINMM.dll
0x00007ff954620000 - 0x00007ff95462a000 	C:\Windows\SYSTEM32\VERSION.dll
0x00007ff960ff0000 - 0x00007ff96105b000 	C:\Windows\System32\WS2_32.dll
0x00007ff9296d0000 - 0x00007ff9296df000 	C:\Program Files\Unity\Hub\Editor\2020.3.19f1\Editor\Data\PlaybackEngines\AndroidPlayer\OpenJDK\jre\bin\verify.dll
0x00007ff90aed0000 - 0x00007ff90aef9000 	C:\Program Files\Unity\Hub\Editor\2020.3.19f1\Editor\Data\PlaybackEngines\AndroidPlayer\OpenJDK\jre\bin\java.dll
0x00007ff91c1c0000 - 0x00007ff91c1d6000 	C:\Program Files\Unity\Hub\Editor\2020.3.19f1\Editor\Data\PlaybackEngines\AndroidPlayer\OpenJDK\jre\bin\zip.dll

VM Arguments:
jvm_args: -Dfile.encoding=UTF-8 
java_command: <unknown>
java_class_path (initial): .
Launcher Type: SUN_STANDARD

Environment Variables:
JAVA_HOME=C:\Program Files\Unity\Hub\Editor\2020.3.19f1\Editor\Data\PlaybackEngines\AndroidPlayer\OpenJDK
JAVA_TOOL_OPTIONS=-Dfile.encoding=UTF-8
PATH=C:\Windows\system32;C:\Windows;C:\Windows\System32\Wbem;C:\Windows\System32\WindowsPowerShell\v1.0\;C:\Windows\System32\OpenSSH\;C:\Program Files\dotnet\;C:\Program Files\Microsoft SQL Server\130\Tools\Binn\;C:\Program Files\Microsoft SQL Server\Client SDK\ODBC\170\Tools\Binn\;C:\Program Files (x86)\GitExtensions\;C:\Program Files\Git\cmd;C:\Program Files (x86)\NVIDIA Corporation\PhysX\Common;C:\Users\38095\AppData\Local\Microsoft\WindowsApps;C:\Users\38095\.dotnet\tools
USERNAME=38095
OS=Windows_NT
PROCESSOR_IDENTIFIER=Intel64 Family 6 Model 140 Stepping 1, GenuineIntel



---------------  S Y S T E M  ---------------

OS: Windows 10.0 , 64 bit Build 19041 (10.0.19041.1202)

CPU:total 8 (initial active 8) (4 cores per cpu, 2 threads per core) family 6 model 140 stepping 1, cmov, cx8, fxsr, mmx, sse, sse2, sse3, ssse3, sse4.1, sse4.2, popcnt, avx, avx2, aes, clmul, erms, 3dnowpref, lzcnt, ht, tsc, tscinvbit, bmi1, bmi2, adx

Memory: 4k page, physical 8058532k(802076k free), swap 15991040k(5344k free)

vm_info: OpenJDK 64-Bit Server VM (25.71-b00) for windows-amd64 JRE (1.8.0-adoptopenjdk-_2018_05_19_00_59-b00), built on May 19 2018 01:02:12 by "jenkins" with MS VC++ 10.0 (VS2010)

time: Tue Nov 09 17:17:35 2021
elapsed time: 0 seconds (0d 0h 0m 0s)

